2025-12-01 14:15:25,038 - INFO - 开始训练推荐模型...
2025-12-01 14:15:25,254 - ERROR - 训练过程中发生错误: agg function failed [how->mean,dtype->object]
2025-12-01 14:15:34,859 - INFO - 启动定时训练任务...
2025-12-01 14:15:34,860 - INFO - 开始训练推荐模型...
2025-12-01 14:15:34,985 - ERROR - 训练过程中发生错误: agg function failed [how->mean,dtype->object]
2025-12-01 14:15:46,667 - INFO - 开始训练推荐模型...
2025-12-01 14:15:46,796 - ERROR - 训练过程中发生错误: agg function failed [how->mean,dtype->object]
2025-12-01 14:18:01,581 - INFO - 开始训练推荐模型...
2025-12-01 14:18:01,726 - ERROR - 模型训练失败
2025-12-01 14:24:15,748 - INFO - 开始训练推荐模型...
2025-12-01 14:24:15,935 - ERROR - 模型训练失败
2025-12-01 14:26:31,657 - INFO - 开始训练推荐模型...
2025-12-01 14:26:31,723 - INFO - 模型训练成功！耗时: 0:00:00.065385
2025-12-01 16:47:05,620 - INFO - 启动定时训练任务...
2025-12-01 16:47:05,623 - INFO - 开始训练推荐模型...
2025-12-01 16:47:05,765 - INFO - 模型训练成功！耗时: 0:00:00.142170
2025-12-01 16:47:28,164 - INFO - 开始训练推荐模型...
2025-12-01 16:47:28,216 - INFO - 模型训练成功！耗时: 0:00:00.051810
2025-12-07 14:57:02,844 - INFO - 开始训练推荐模型...
2025-12-07 14:57:03,008 - INFO - 模型训练成功！耗时: 0:00:00.157161
2025-12-14 12:58:39,830 - INFO - 开始训练推荐模型...
2025-12-14 12:58:39,940 - INFO - 模型训练成功！耗时: 0:00:00.108730
2025-12-14 12:58:56,227 - INFO - 开始训练推荐模型...
2025-12-14 12:58:56,310 - INFO - 模型训练成功！耗时: 0:00:00.083436
2025-12-14 12:59:11,055 - INFO - 开始训练推荐模型...
2025-12-14 12:59:11,124 - INFO - 模型训练成功！耗时: 0:00:00.067999
2025-12-14 13:09:46,716 - INFO - 开始训练推荐模型...
2025-12-14 13:09:46,804 - INFO - 模型训练成功！耗时: 0:00:00.087393
